<?xml version="1.0" encoding="UTF-8"?>
<!-- Generated by org.testng.reporters.JUnitXMLReporter -->
<testsuite ignored="5" hostname="ANKIT-SYS" failures="0" tests="1" name="Default test" time="3.913" errors="0" timestamp="2025-07-05T11:32:28 IST">
  <testcase classname="testCases.CompleteTest" name="webTable" time="0.583"/>
  <testcase classname="testCases.CompleteTest" name="links" time="0.0">
    <ignored/>
  </testcase> <!-- links -->
  <testcase classname="testCases.CompleteTest" name="radioBtn" time="0.0">
    <ignored/>
  </testcase> <!-- radioBtn -->
  <testcase classname="testCases.CompleteTest" name="buttonClick" time="0.0">
    <ignored/>
  </testcase> <!-- buttonClick -->
  <testcase classname="testCases.CompleteTest" name="TextBox" time="0.0">
    <ignored/>
  </testcase> <!-- TextBox -->
  <testcase classname="testCases.CompleteTest" name="checkBox" time="0.0">
    <ignored/>
  </testcase> <!-- checkBox -->
</testsuite> <!-- Default test -->
