<?xml version="1.0" encoding="UTF-8"?>
<testng-results ignored="0" total="1" passed="1" failed="0" skipped="0">
  <reporter-output>
  </reporter-output>
  <suite started-at="2025-07-05T10:27:17 IST" name="Default suite" finished-at="2025-07-05T10:27:24 IST" duration-ms="7745">
    <groups>
    </groups>
    <test started-at="2025-07-05T10:27:17 IST" name="Default test" finished-at="2025-07-05T10:27:24 IST" duration-ms="7745">
      <class name="testCases.CompleteTest">
        <test-method is-config="true" signature="setup()[pri:0, instance:testCases.CompleteTest@cb0755b]" started-at="2025-07-05T10:27:17 IST" name="setup" finished-at="2025-07-05T10:27:22 IST" duration-ms="5547" status="PASS">
          <reporter-output>
          </reporter-output>
        </test-method> <!-- setup -->
        <test-method signature="TextBox()[pri:1, instance:testCases.CompleteTest@cb0755b]" started-at="2025-07-05T10:27:22 IST" name="TextBox" finished-at="2025-07-05T10:27:24 IST" duration-ms="2142" status="PASS">
          <reporter-output>
          </reporter-output>
        </test-method> <!-- TextBox -->
        <test-method is-config="true" signature="tearDown()[pri:0, instance:testCases.CompleteTest@cb0755b]" started-at="2025-07-05T10:27:24 IST" name="tearDown" finished-at="2025-07-05T10:27:24 IST" duration-ms="0" status="PASS">
          <reporter-output>
          </reporter-output>
        </test-method> <!-- tearDown -->
      </class> <!-- testCases.CompleteTest -->
    </test> <!-- Default test -->
  </suite> <!-- Default suite -->
</testng-results>
