<?xml version="1.0" encoding="UTF-8"?>
<testng-results ignored="0" total="1" passed="1" failed="0" skipped="0">
  <reporter-output>
  </reporter-output>
  <suite started-at="2025-07-05T11:32:24 IST" name="Default suite" finished-at="2025-07-05T11:32:28 IST" duration-ms="3913">
    <groups>
    </groups>
    <test started-at="2025-07-05T11:32:24 IST" name="Default test" finished-at="2025-07-05T11:32:28 IST" duration-ms="3913">
      <class name="testCases.CompleteTest">
        <test-method is-config="true" signature="setup()[pri:0, instance:testCases.CompleteTest@30c15d8b]" started-at="2025-07-05T11:32:24 IST" name="setup" finished-at="2025-07-05T11:32:27 IST" duration-ms="3238" status="PASS">
          <reporter-output>
          </reporter-output>
        </test-method> <!-- setup -->
        <test-method signature="webTable()[pri:4, instance:testCases.CompleteTest@30c15d8b]" started-at="2025-07-05T11:32:27 IST" name="webTable" finished-at="2025-07-05T11:32:28 IST" duration-ms="583" status="PASS">
          <reporter-output>
          </reporter-output>
        </test-method> <!-- webTable -->
        <test-method is-config="true" signature="tearDown()[pri:0, instance:testCases.CompleteTest@30c15d8b]" started-at="2025-07-05T11:32:28 IST" name="tearDown" finished-at="2025-07-05T11:32:28 IST" duration-ms="2" status="PASS">
          <reporter-output>
          </reporter-output>
        </test-method> <!-- tearDown -->
      </class> <!-- testCases.CompleteTest -->
    </test> <!-- Default test -->
  </suite> <!-- Default suite -->
</testng-results>
